<?xml version="1.0" encoding="UTF-8"?>
<coverage generated="1731597347054" clover="3.2.0">
  <project timestamp="1731597347054" name="All files">
    <metrics statements="97" coveredstatements="82" conditionals="45" coveredconditionals="23" methods="31" coveredmethods="24" elements="173" coveredelements="129" complexity="0" loc="97" ncloc="97" packages="4" files="8" classes="8"/>
    <package name="domain.Game">
      <metrics statements="5" coveredstatements="3" conditionals="2" coveredconditionals="0" methods="2" coveredmethods="0"/>
      <file name="GameId.ts" path="/home/piotr/CODE/Private/Something new/tic-tac-toe-game-with-server/src/domain/Game/GameId.ts">
        <metrics statements="5" coveredstatements="3" conditionals="2" coveredconditionals="0" methods="2" coveredmethods="0"/>
        <line num="1" count="1" type="stmt"/>
        <line num="2" count="1" type="stmt"/>
        <line num="4" count="1" type="stmt"/>
        <line num="6" count="0" type="stmt"/>
        <line num="10" count="0" type="cond" truecount="0" falsecount="2"/>
      </file>
    </package>
    <package name="domain.Room">
      <metrics statements="64" coveredstatements="61" conditionals="32" coveredconditionals="18" methods="17" coveredmethods="15"/>
      <file name="Room.ts" path="/home/piotr/CODE/Private/Something new/tic-tac-toe-game-with-server/src/domain/Room/Room.ts">
        <metrics statements="44" coveredstatements="44" conditionals="13" coveredconditionals="12" methods="9" coveredmethods="9"/>
        <line num="1" count="1" type="stmt"/>
        <line num="2" count="1" type="stmt"/>
        <line num="3" count="1" type="stmt"/>
        <line num="4" count="1" type="stmt"/>
        <line num="6" count="1" type="stmt"/>
        <line num="7" count="1" type="stmt"/>
        <line num="32" count="1" type="stmt"/>
        <line num="43" count="16" type="stmt"/>
        <line num="44" count="16" type="stmt"/>
        <line num="45" count="16" type="stmt"/>
        <line num="46" count="16" type="stmt"/>
        <line num="47" count="16" type="stmt"/>
        <line num="48" count="16" type="stmt"/>
        <line num="49" count="16" type="stmt"/>
        <line num="50" count="16" type="stmt"/>
        <line num="54" count="17" type="cond" truecount="1" falsecount="0"/>
        <line num="55" count="1" type="stmt"/>
        <line num="58" count="16" type="cond" truecount="3" falsecount="0"/>
        <line num="59" count="1" type="stmt"/>
        <line num="62" count="15" type="cond" truecount="1" falsecount="0"/>
        <line num="63" count="1" type="stmt"/>
        <line num="66" count="14" type="stmt"/>
        <line num="79" count="3" type="stmt"/>
        <line num="81" count="3" type="cond" truecount="1" falsecount="0"/>
        <line num="82" count="1" type="stmt"/>
        <line num="85" count="3" type="cond" truecount="1" falsecount="0"/>
        <line num="86" count="1" type="stmt"/>
        <line num="89" count="1" type="stmt"/>
        <line num="95" count="1" type="stmt"/>
        <line num="99" count="3" type="cond" truecount="1" falsecount="0"/>
        <line num="100" count="1" type="stmt"/>
        <line num="103" count="2" type="stmt"/>
        <line num="105" count="4" type="stmt"/>
        <line num="109" count="2" type="stmt"/>
        <line num="113" count="2" type="cond" truecount="1" falsecount="0"/>
        <line num="114" count="1" type="stmt"/>
        <line num="117" count="1" type="stmt"/>
        <line num="121" count="2" type="cond" truecount="1" falsecount="0"/>
        <line num="122" count="1" type="stmt"/>
        <line num="125" count="1" type="stmt"/>
        <line num="131" count="1" type="stmt"/>
        <line num="135" count="2" type="cond" truecount="1" falsecount="0"/>
        <line num="136" count="1" type="stmt"/>
        <line num="139" count="1" type="stmt"/>
      </file>
      <file name="RoomId.ts" path="/home/piotr/CODE/Private/Something new/tic-tac-toe-game-with-server/src/domain/Room/RoomId.ts">
        <metrics statements="5" coveredstatements="5" conditionals="2" coveredconditionals="1" methods="2" coveredmethods="2"/>
        <line num="1" count="1" type="stmt"/>
        <line num="2" count="1" type="stmt"/>
        <line num="4" count="1" type="stmt"/>
        <line num="6" count="14" type="stmt"/>
        <line num="10" count="14" type="cond" truecount="1" falsecount="1"/>
      </file>
      <file name="RoomMap.ts" path="/home/piotr/CODE/Private/Something new/tic-tac-toe-game-with-server/src/domain/Room/RoomMap.ts">
        <metrics statements="5" coveredstatements="3" conditionals="14" coveredconditionals="3" methods="4" coveredmethods="2"/>
        <line num="28" count="1" type="stmt"/>
        <line num="30" count="4" type="stmt"/>
        <line num="34" count="6" type="stmt"/>
        <line num="41" count="0" type="stmt"/>
        <line num="45" count="0" type="stmt"/>
      </file>
      <file name="RoomName.ts" path="/home/piotr/CODE/Private/Something new/tic-tac-toe-game-with-server/src/domain/Room/RoomName.ts">
        <metrics statements="10" coveredstatements="9" conditionals="3" coveredconditionals="2" methods="2" coveredmethods="2"/>
        <line num="1" count="1" type="stmt"/>
        <line num="3" count="1" type="stmt"/>
        <line num="5" count="13" type="stmt"/>
        <line num="9" count="15" type="cond" truecount="1" falsecount="0"/>
        <line num="10" count="1" type="stmt"/>
        <line num="13" count="14" type="cond" truecount="0" falsecount="1"/>
        <line num="14" count="0" type="stmt"/>
        <line num="17" count="14" type="cond" truecount="1" falsecount="0"/>
        <line num="18" count="1" type="stmt"/>
        <line num="21" count="13" type="stmt"/>
      </file>
    </package>
    <package name="domain.User">
      <metrics statements="9" coveredstatements="8" conditionals="3" coveredconditionals="1" methods="4" coveredmethods="4"/>
      <file name="UserId.ts" path="/home/piotr/CODE/Private/Something new/tic-tac-toe-game-with-server/src/domain/User/UserId.ts">
        <metrics statements="9" coveredstatements="8" conditionals="3" coveredconditionals="1" methods="4" coveredmethods="4"/>
        <line num="1" count="1" type="stmt"/>
        <line num="3" count="1" type="stmt"/>
        <line num="7" count="114" type="stmt"/>
        <line num="11" count="14" type="cond" truecount="0" falsecount="1"/>
        <line num="12" count="0" type="stmt"/>
        <line num="15" count="14" type="stmt"/>
        <line num="19" count="1" type="stmt"/>
        <line num="21" count="87" type="stmt"/>
        <line num="25" count="87" type="cond" truecount="1" falsecount="1"/>
      </file>
    </package>
    <package name="shared">
      <metrics statements="19" coveredstatements="10" conditionals="8" coveredconditionals="4" methods="8" coveredmethods="5"/>
      <file name="GUID.ts" path="/home/piotr/CODE/Private/Something new/tic-tac-toe-game-with-server/src/shared/GUID.ts">
        <metrics statements="10" coveredstatements="5" conditionals="3" coveredconditionals="0" methods="4" coveredmethods="2"/>
        <line num="1" count="1" type="stmt"/>
        <line num="3" count="0" type="stmt"/>
        <line num="4" count="0" type="stmt"/>
        <line num="5" count="0" type="cond" truecount="0" falsecount="2"/>
        <line num="6" count="0" type="stmt"/>
        <line num="11" count="101" type="stmt"/>
        <line num="12" count="101" type="stmt"/>
        <line num="16" count="101" type="cond" truecount="0" falsecount="1"/>
        <line num="17" count="0" type="stmt"/>
        <line num="19" count="101" type="stmt"/>
      </file>
      <file name="Timestamp.ts" path="/home/piotr/CODE/Private/Something new/tic-tac-toe-game-with-server/src/shared/Timestamp.ts">
        <metrics statements="9" coveredstatements="5" conditionals="5" coveredconditionals="4" methods="4" coveredmethods="3"/>
        <line num="2" count="1" type="stmt"/>
        <line num="4" count="16" type="stmt"/>
        <line num="11" count="16" type="cond" truecount="2" falsecount="1"/>
        <line num="12" count="0" type="stmt"/>
        <line num="15" count="16" type="cond" truecount="2" falsecount="0"/>
        <line num="19" count="4" type="stmt"/>
        <line num="23" count="0" type="stmt"/>
        <line num="24" count="0" type="stmt"/>
        <line num="25" count="0" type="stmt"/>
      </file>
    </package>
  </project>
</coverage>
