TN:
SF:src/domain/Game/GameId.ts
FN:5,(anonymous_0)
FN:9,(anonymous_1)
FNF:2
FNH:0
FNDA:0,(anonymous_0)
FNDA:0,(anonymous_1)
DA:1,1
DA:2,1
DA:4,1
DA:6,0
DA:10,0
LF:5
LH:3
BRDA:10,0,0,0
BRDA:10,0,1,0
BRF:2
BRH:0
end_of_record
TN:
SF:src/domain/Room/Room.ts
FN:42,(anonymous_7)
FN:53,(anonymous_8)
FN:78,(anonymous_9)
FN:85,(anonymous_11)
FN:98,(anonymous_12)
FN:105,(anonymous_14)
FN:112,(anonymous_15)
FN:120,(anonymous_17)
FN:134,(anonymous_19)
FNF:9
FNH:9
FNDA:16,(anonymous_7)
FNDA:17,(anonymous_8)
FNDA:3,(anonymous_9)
FNDA:3,(anonymous_11)
FNDA:3,(anonymous_12)
FNDA:4,(anonymous_14)
FNDA:2,(anonymous_15)
FNDA:2,(anonymous_17)
FNDA:2,(anonymous_19)
DA:1,1
DA:2,1
DA:3,1
DA:4,1
DA:6,1
DA:7,1
DA:32,1
DA:43,16
DA:44,16
DA:45,16
DA:46,16
DA:47,16
DA:48,16
DA:49,16
DA:50,16
DA:54,17
DA:55,1
DA:58,16
DA:59,1
DA:62,15
DA:63,1
DA:66,14
DA:79,3
DA:81,3
DA:82,1
DA:85,3
DA:86,1
DA:89,1
DA:95,1
DA:99,3
DA:100,1
DA:103,2
DA:105,4
DA:109,2
DA:113,2
DA:114,1
DA:117,1
DA:121,2
DA:122,1
DA:125,1
DA:131,1
DA:135,2
DA:136,1
DA:139,1
LF:44
LH:44
BRDA:54,0,0,1
BRDA:58,1,0,1
BRDA:58,2,0,16
BRDA:58,2,1,16
BRDA:62,3,0,1
BRDA:70,4,0,0
BRDA:70,4,1,12
BRDA:81,5,0,1
BRDA:85,6,0,1
BRDA:99,7,0,1
BRDA:113,8,0,1
BRDA:121,9,0,1
BRDA:135,10,0,1
BRF:13
BRH:12
end_of_record
TN:
SF:src/domain/Room/RoomId.ts
FN:5,(anonymous_0)
FN:9,(anonymous_1)
FNF:2
FNH:2
FNDA:14,(anonymous_0)
FNDA:14,(anonymous_1)
DA:1,1
DA:2,1
DA:4,1
DA:6,14
DA:10,14
LF:5
LH:5
BRDA:10,0,0,14
BRDA:10,0,1,0
BRF:2
BRH:1
end_of_record
TN:
SF:src/domain/Room/RoomMap.ts
FN:29,(anonymous_7)
FN:34,(anonymous_8)
FN:40,(anonymous_9)
FN:45,(anonymous_11)
FNF:4
FNH:2
FNDA:4,(anonymous_7)
FNDA:6,(anonymous_8)
FNDA:0,(anonymous_9)
FNDA:0,(anonymous_11)
DA:28,1
DA:30,4
DA:34,6
DA:41,0
DA:45,0
LF:5
LH:3
BRDA:35,0,0,4
BRDA:35,0,1,0
BRDA:35,1,0,4
BRDA:35,1,1,4
BRDA:46,2,0,0
BRDA:46,2,1,0
BRDA:46,3,0,0
BRDA:46,3,1,0
BRDA:47,4,0,0
BRDA:47,4,1,0
BRDA:47,5,0,0
BRDA:47,5,1,0
BRDA:47,6,0,0
BRDA:47,6,1,0
BRF:14
BRH:3
end_of_record
TN:
SF:src/domain/Room/RoomName.ts
FN:4,(anonymous_0)
FN:8,(anonymous_1)
FNF:2
FNH:2
FNDA:13,(anonymous_0)
FNDA:15,(anonymous_1)
DA:1,1
DA:3,1
DA:5,13
DA:9,15
DA:10,1
DA:13,14
DA:14,0
DA:17,14
DA:18,1
DA:21,13
LF:10
LH:9
BRDA:9,0,0,1
BRDA:13,1,0,0
BRDA:17,2,0,1
BRF:3
BRH:2
end_of_record
TN:
SF:src/domain/User/UserId.ts
FN:6,(anonymous_0)
FN:10,(anonymous_1)
FN:20,(anonymous_2)
FN:24,(anonymous_3)
FNF:4
FNH:4
FNDA:114,(anonymous_0)
FNDA:14,(anonymous_1)
FNDA:87,(anonymous_2)
FNDA:87,(anonymous_3)
DA:1,1
DA:3,1
DA:7,114
DA:11,14
DA:12,0
DA:15,14
DA:19,1
DA:21,87
DA:25,87
LF:9
LH:8
BRDA:11,0,0,0
BRDA:25,1,0,87
BRDA:25,1,1,0
BRF:3
BRH:1
end_of_record
TN:
SF:src/shared/GUID.ts
FN:2,(anonymous_0)
FN:3,(anonymous_1)
FN:10,(anonymous_2)
FN:15,(anonymous_3)
FNF:4
FNH:2
FNDA:0,(anonymous_0)
FNDA:0,(anonymous_1)
FNDA:101,(anonymous_2)
FNDA:101,(anonymous_3)
DA:1,1
DA:3,0
DA:4,0
DA:5,0
DA:6,0
DA:11,101
DA:12,101
DA:16,101
DA:17,0
DA:19,101
LF:10
LH:5
BRDA:5,0,0,0
BRDA:5,0,1,0
BRDA:16,1,0,0
BRF:3
BRH:0
end_of_record
TN:
SF:src/shared/Timestamp.ts
FN:3,(anonymous_0)
FN:8,(anonymous_1)
FN:18,(anonymous_2)
FN:22,(anonymous_3)
FNF:4
FNH:3
FNDA:16,(anonymous_0)
FNDA:16,(anonymous_1)
FNDA:4,(anonymous_2)
FNDA:0,(anonymous_3)
DA:2,1
DA:4,16
DA:11,16
DA:12,0
DA:15,16
DA:19,4
DA:23,0
DA:24,0
DA:25,0
LF:9
LH:5
BRDA:11,0,0,0
BRDA:11,1,0,16
BRDA:11,1,1,12
BRDA:15,2,0,12
BRDA:15,2,1,4
BRF:5
BRH:4
end_of_record
